79
16
Textures\Maps\DDS地面贴图\土壤\粗土\夹杂碎石.dds
0
10.000000
10.000000
19
Textures\Maps\DDS地面贴图\土壤\粗土\干裂纹干黄土.dds
0
10.000000
10.000000
23
Textures\Maps\DDS地面贴图\土壤\粗土\杂碎石锈红土.dds
0
10.000000
10.000000
24
Textures\Maps\DDS地面贴图\土壤\粗土\杂碎石黄土.dds
0
10.000000
10.000000
25
Textures\Maps\DDS地面贴图\土壤\粗土\杂碎石黑褐土.dds
0
10.000000
10.000000
28
Textures\Maps\DDS地面贴图\土壤\粗土\浅灰黄土.dds
0
10.000000
10.000000
31
Textures\Maps\DDS地面贴图\土壤\粗土\深灰黄土.dds
0
10.000000
10.000000
33
Textures\Maps\DDS地面贴图\土壤\粗土\深锈红土.dds
0
10.000000
10.000000
35
Textures\Maps\DDS地面贴图\土壤\粗土\田地.DDS
0
10.000000
10.000000
37
Textures\Maps\DDS地面贴图\土壤\粗土\红碎叶锈红土.dds
0
10.000000
10.000000
40
Textures\Maps\DDS地面贴图\土壤\粗土\锈红土.dds
0
10.000000
10.000000
41
Textures\Maps\DDS地面贴图\土壤\粗土\锈黄土.dds
0
10.000000
10.000000
59
Textures\Maps\DDS地面贴图\土壤\细土\深灰褐土.dds
0
10.000000
10.000000
60
Textures\Maps\DDS地面贴图\土壤\细土\深灰黄土.dds
0
10.000000
10.000000
61
Textures\Maps\DDS地面贴图\土壤\细土\深锈红土.dds
0
10.000000
10.000000
62
Textures\Maps\DDS地面贴图\土壤\细土\深黄土.dds
0
10.000000
10.000000
63
Textures\Maps\DDS地面贴图\土壤\细土\灰色土.dds
0
10.000000
10.000000
64
Textures\Maps\DDS地面贴图\土壤\细土\白土.dds
0
10.000000
10.000000
68
Textures\Maps\DDS地面贴图\土壤\细土\锈红杂草点土.dds
0
10.000000
10.000000
69
Textures\Maps\DDS地面贴图\土壤\细土\雨林土.dds
0
10.000000
10.000000
71
Textures\Maps\DDS地面贴图\土壤\细土\黄土.dds
0
10.000000
10.000000
85
Textures\Maps\DDS地面贴图\岩石\人工石头地面\京城地面.dds
0
10.000000
10.000000
90
Textures\Maps\DDS地面贴图\岩石\人工石头地面\小方砖地面03.dds
0
10.000000
10.000000
91
Textures\Maps\DDS地面贴图\岩石\人工石头地面\条石地面.dds
0
10.000000
10.000000
96
Textures\Maps\DDS地面贴图\岩石\人工石头地面\石头地.dds
0
10.000000
10.000000
106
Textures\Maps\DDS地面贴图\岩石\人工石头地面\鹅卵石地面02.dds
0
10.000000
10.000000
108
Textures\Maps\DDS地面贴图\岩石\人工石头地面\鹅卵石地面04.dds
0
10.000000
10.000000
141
Textures\Maps\DDS地面贴图\新纹理\仙界大叶草地.dds
0
10.000000
10.000000
142
Textures\Maps\DDS地面贴图\新纹理\仙界新道路.dds
0
10.000000
10.000000
149
Textures\Maps\DDS地面贴图\新纹理\杂石.dds
0
10.000000
10.000000
150
Textures\Maps\DDS地面贴图\新纹理\沙滩01.DDS
0
10.000000
10.000000
152
Textures\Maps\DDS地面贴图\新纹理\沙滩贝壳.DDS
0
10.000000
10.000000
155
Textures\Maps\DDS地面贴图\新纹理\沙漠03.DDS
0
10.000000
10.000000
161
Textures\Maps\DDS地面贴图\新纹理\湿土杂草.dds
0
10.000000
10.000000
178
Textures\Maps\DDS地面贴图\新纹理\石板路.dds
0
10.000000
10.000000
179
Textures\Maps\DDS地面贴图\新纹理\碎石混合草地.dds
0
10.000000
10.000000
188
Textures\Maps\DDS地面贴图\新纹理\贝壳.dds
0
10.000000
10.000000
189
Textures\Maps\DDS地面贴图\新纹理\路边石壁.dds
0
10.000000
10.000000
190
Textures\Maps\DDS地面贴图\新纹理\雨林小花.dds
0
10.000000
10.000000
192
Textures\Maps\DDS地面贴图\新纹理\雨林石头路.dds
0
10.000000
10.000000
196
Textures\Maps\DDS地面贴图\新纹理\雨林落叶.dds
0
10.000000
10.000000
214
Textures\Maps\DDS地面贴图\新纹理\黄色小花.dds
0
10.000000
10.000000
215
Textures\Maps\DDS地面贴图\粗大纹理\乱杂碎草.dds
0
10.000000
10.000000
216
Textures\Maps\DDS地面贴图\粗大纹理\农田01.dds
0
10.000000
10.000000
221
Textures\Maps\DDS地面贴图\粗大纹理\山壁2.dds
0
10.000000
10.000000
222
Textures\Maps\DDS地面贴图\粗大纹理\山壁3.dds
0
10.000000
10.000000
223
Textures\Maps\DDS地面贴图\粗大纹理\山壁4.dds
0
10.000000
10.000000
224
Textures\Maps\DDS地面贴图\粗大纹理\山壁5.dds
0
10.000000
10.000000
225
Textures\Maps\DDS地面贴图\粗大纹理\山石.dds
0
10.000000
10.000000
228
Textures\Maps\DDS地面贴图\粗大纹理\干裂地面.dds
0
10.000000
10.000000
230
Textures\Maps\DDS地面贴图\粗大纹理\烂泥草地.dds
0
10.000000
10.000000
232
Textures\Maps\DDS地面贴图\粗大纹理\石头地03.dds
0
10.000000
10.000000
234
Textures\Maps\DDS地面贴图\粗大纹理\石头地面.dds
0
10.000000
10.000000
235
Textures\Maps\DDS地面贴图\粗大纹理\石头地面2.dds
0
10.000000
10.000000
236
Textures\Maps\DDS地面贴图\粗大纹理\石头地面3.dds
0
10.000000
10.000000
237
Textures\Maps\DDS地面贴图\粗大纹理\石头路.dds
0
10.000000
10.000000
238
Textures\Maps\DDS地面贴图\粗大纹理\破石板路.dds
0
10.000000
10.000000
239
Textures\Maps\DDS地面贴图\粗大纹理\碎渣地.dds
0
10.000000
10.000000
242
Textures\Maps\DDS地面贴图\粗大纹理\碎渣地4.dds
0
10.000000
10.000000
243
Textures\Maps\DDS地面贴图\粗大纹理\苔藓泥土.dds
0
10.000000
10.000000
244
Textures\Maps\DDS地面贴图\粗大纹理\草地.dds
0
10.000000
10.000000
245
Textures\Maps\DDS地面贴图\粗大纹理\草地2.dds
0
10.000000
10.000000
246
Textures\Maps\DDS地面贴图\粗大纹理\褐土杂草.dds
0
10.000000
10.000000
249
Textures\Maps\DDS地面贴图\粗大纹理\鹅卵石地面.dds
0
10.000000
10.000000
250
Textures\Maps\DDS地面贴图\粗大纹理\黄土地.dds
0
10.000000
10.000000
264
Textures\Maps\DDS地面贴图\草地\少量用贴图\大叶草地.dds
0
10.000000
10.000000
268
Textures\Maps\DDS地面贴图\草地\少量用贴图\大纹理草地2.dds
0
10.000000
10.000000
271
Textures\Maps\DDS地面贴图\草地\少量用贴图\白花杂草.dds
0
10.000000
10.000000
272
Textures\Maps\DDS地面贴图\草地\少量用贴图\薄裂土-02.dds
0
10.000000
10.000000
273
Textures\Maps\DDS地面贴图\草地\少量用贴图\薄裂土.dds
0
10.000000
10.000000
275
Textures\Maps\DDS地面贴图\草地\少量用贴图\黄花草地.dds
0
10.000000
10.000000
284
Textures\Maps\DDS地面贴图\草地\温带绿草\嫩杂草.dds
0
10.000000
10.000000
286
Textures\Maps\DDS地面贴图\草地\温带绿草\橙和灰黄叶橄榄绿杂草.dds
0
10.000000
10.000000
289
Textures\Maps\DDS地面贴图\草地\温带绿草\灰褐土嫩杂草.dds
0
10.000000
10.000000
290
Textures\Maps\DDS地面贴图\草地\温带绿草\灰黄土嫩杂草.dds
0
10.000000
10.000000
302
Textures\Maps\DDS地面贴图\草地\热带草地\雨林草地.dds
0
10.000000
10.000000
306
textures\maps\dds地面贴图\粗大纹理\草地刘.dds
0
10.000000
10.000000
307
textures\maps\dds地面贴图\粗大纹理\冰河阳草.dds
24
10.000000
10.000000
308
textures\maps\dds地面贴图\粗大纹理\兰白小花草地.dds
24
10.000000
10.000000
