30
100000
Grasses\水草\水草01.mox
0
100001
Grasses\水草\水草02.mox
0
100002
Grasses\水草\水草03.mox
0
100003
Grasses\水草\水草04.mox
0
100004
Grasses\水草\水草05.mox
0
100005
Grasses\水草\水草06.mox
0
100006
Grasses\水草\水草07.mox
0
100007
Grasses\水草\水草08.mox
0
100008
Grasses\水草\水草09.mox
0
100009
Grasses\水草\水草10.mox
0
100010
Grasses\水草\水草11.mox
0
100011
Grasses\水草\水草12.mox
0
100012
Grasses\水草\水草13.mox
0
100013
Grasses\水草\水草14.mox
0
100014
Grasses\水草\水草15.mox
0
100015
Grasses\水草\水草16.mox
0
100016
Grasses\水草\水草17.mox
0
100017
Grasses\水草\水草18.mox
0
100018
Grasses\水草\水草19.mox
0
100019
Grasses\水草\水草20.mox
0
100020
Grasses\水草\水草21.mox
0
100021
Grasses\水草\水草22.mox
0
100022
Grasses\水草\水草23.mox
0
100023
Grasses\水草\水草24.mox
0
100024
Grasses\水草\水草25.mox
0
100025
Grasses\水草\水草26.mox
0
100026
Grasses\水草\水草27.mox
0
100027
Grasses\水草\水草28.mox
0
100028
Grasses\水草\长01.mox
0
100029
Grasses\水草\长02.mox
0
